<?xml version="1.0" encoding="UTF-8"?>
<testng-results skipped="0" failed="0" ignored="0" total="1" passed="1">
  <reporter-output>
  </reporter-output>
  <suite name="Suite" duration-ms="21" started-at="2017-12-12T10:18:12Z" finished-at="2017-12-12T10:18:12Z">
    <groups>
    </groups>
    <test name="Test" duration-ms="21" started-at="2017-12-12T10:18:12Z" finished-at="2017-12-12T10:18:12Z">
      <class name="sample.SampleGitClass">
        <test-method status="PASS" signature="main()[pri:0, instance:sample.SampleGitClass@35f983a6]" name="main" duration-ms="5" started-at="2017-12-12T15:48:12Z" finished-at="2017-12-12T15:48:12Z">
          <reporter-output>
          </reporter-output>
        </test-method> <!-- main -->
      </class> <!-- sample.SampleGitClass -->
    </test> <!-- Test -->
  </suite> <!-- Suite -->
</testng-results>
