<?xml version="1.0" encoding="UTF-8"?>
<testng-results skipped="0" failed="0" total="1" passed="1">
  <reporter-output>
  </reporter-output>
  <suite name="Suite" duration-ms="16" started-at="2017-12-12T09:22:58Z" finished-at="2017-12-12T09:22:58Z">
    <groups>
    </groups>
    <test name="Test" duration-ms="16" started-at="2017-12-12T09:22:58Z" finished-at="2017-12-12T09:22:58Z">
      <class name="sample.SampleGitClass">
        <test-method status="PASS" signature="main()[pri:0, instance:sample.SampleGitClass@2ef5e5e3]" name="main" duration-ms="7" started-at="2017-12-12T14:52:58Z" finished-at="2017-12-12T14:52:58Z">
          <reporter-output>
          </reporter-output>
        </test-method> <!-- main -->
      </class> <!-- sample.SampleGitClass -->
    </test> <!-- Test -->
  </suite> <!-- Suite -->
</testng-results>
